
2021-01-22T04:01:08.032897,2,oximeter,processed
2021-01-22T04:01:08.033123,2,oximeter,detected
2021-01-22T04:01:08.033602,2,oximeter,persisted
2021-01-22T04:01:08.633138,2,ecg,processed
2021-01-22T04:01:08.633232,2,ecg,detected
2021-01-22T04:01:08.633660,2,ecg,persisted
2021-01-22T04:01:08.833300,2,thermometer,processed
2021-01-22T04:01:08.833531,2,thermometer,detected
2021-01-22T04:01:08.833740,2,thermometer,persisted
2021-01-22T04:01:09.033257,3,oximeter,processed
2021-01-22T04:01:09.033367,3,oximeter,detected
2021-01-22T04:01:09.033530,3,oximeter,persisted
2021-01-22T04:01:09.633452,3,ecg,processed
2021-01-22T04:01:09.633540,3,ecg,detected
2021-01-22T04:01:09.633634,3,ecg,persisted
2021-01-22T04:01:09.833567,3,thermometer,processed
2021-01-22T04:01:09.833697,3,thermometer,detected
2021-01-22T04:01:09.834219,3,thermometer,persisted
2021-01-22T04:01:10.033602,4,oximeter,processed
2021-01-22T04:01:10.033724,4,oximeter,detected
2021-01-22T04:01:10.033917,4,oximeter,persisted
2021-01-22T04:01:10.633772,4,ecg,processed
2021-01-22T04:01:10.633876,4,ecg,detected
2021-01-22T04:01:10.634008,4,ecg,persisted
2021-01-22T04:01:10.833831,4,thermometer,processed
2021-01-22T04:01:10.833935,4,thermometer,detected
2021-01-22T04:01:10.834035,4,thermometer,persisted
2021-01-22T04:01:11.033894,5,oximeter,processed
2021-01-22T04:01:11.033994,5,oximeter,detected
2021-01-22T04:01:11.034144,5,oximeter,persisted
2021-01-22T04:01:11.634088,5,ecg,processed
2021-01-22T04:01:11.634190,5,ecg,detected
2021-01-22T04:01:11.634290,5,ecg,persisted
2021-01-22T04:01:11.834185,5,thermometer,processed
2021-01-22T04:01:11.834299,5,thermometer,detected
2021-01-22T04:01:11.834458,5,thermometer,persisted
2021-01-22T04:01:12.034246,6,oximeter,processed
2021-01-22T04:01:12.034353,6,oximeter,detected
2021-01-22T04:01:12.034469,6,oximeter,persisted
2021-01-22T04:01:12.634421,6,ecg,processed
2021-01-22T04:01:12.634510,6,ecg,detected
2021-01-22T04:01:12.634667,6,ecg,persisted
2021-01-22T04:01:13.034570,7,oximeter,processed
2021-01-22T04:01:13.034682,7,oximeter,detected
2021-01-22T04:01:13.034783,7,oximeter,persisted
2021-01-22T04:01:22.837638,8,thermometer,processed
2021-01-22T04:01:22.837748,8,thermometer,detected
2021-01-22T04:01:22.838007,8,thermometer,persisted
2021-01-22T04:01:23.637890,9,ecg,processed
2021-01-22T04:01:23.637991,9,ecg,detected
2021-01-22T04:01:23.638135,9,ecg,persisted
2021-01-22T04:01:23.838511,9,thermometer,processed
2021-01-22T04:01:23.838615,9,thermometer,detected
2021-01-22T04:01:23.838924,9,thermometer,persisted
2021-01-22T04:01:24.038543,10,oximeter,processed
2021-01-22T04:01:24.038657,10,oximeter,detected
2021-01-22T04:01:24.038892,10,oximeter,persisted
2021-01-22T04:01:24.638899,10,ecg,processed
2021-01-22T04:01:24.639012,10,ecg,detected
2021-01-22T04:01:24.639371,10,ecg,persisted
2021-01-22T04:01:24.839172,10,thermometer,processed
2021-01-22T04:01:24.839248,10,thermometer,detected
2021-01-22T04:01:24.839711,10,thermometer,persisted
2021-01-22T04:01:25.039010,11,oximeter,processed
2021-01-22T04:01:25.039120,11,oximeter,detected
2021-01-22T04:01:25.039216,11,oximeter,persisted
2021-01-22T04:01:25.639206,11,ecg,processed
2021-01-22T04:01:25.639308,11,ecg,detected
2021-01-22T04:01:25.639463,11,ecg,persisted
2021-01-22T04:01:25.839269,12,oximeter,processed
2021-01-22T04:01:25.839333,12,oximeter,detected
2021-01-22T04:01:25.839574,12,oximeter,persisted
2021-01-22T04:01:26.639513,12,ecg,processed
2021-01-22T04:01:26.639610,12,ecg,detected
2021-01-22T04:01:26.639701,12,ecg,persisted
2021-01-22T04:01:26.839610,12,thermometer,processed
2021-01-22T04:01:26.839697,12,thermometer,detected
2021-01-22T04:01:26.839956,12,thermometer,persisted
2021-01-22T04:01:27.039639,13,oximeter,processed
2021-01-22T04:01:27.039744,13,oximeter,detected
2021-01-22T04:01:27.039976,13,oximeter,persisted
2021-01-22T04:01:27.639853,13,ecg,processed
2021-01-22T04:01:27.639949,13,ecg,detected
2021-01-22T04:01:27.640286,13,ecg,persisted
2021-01-22T04:01:27.839911,14,oximeter,processed
2021-01-22T04:01:27.839988,14,oximeter,detected
2021-01-22T04:01:27.840072,14,oximeter,persisted
2021-01-22T04:01:28.640176,14,ecg,processed
2021-01-22T04:01:28.640266,14,ecg,detected
2021-01-22T04:01:28.640473,14,ecg,persisted
2021-01-22T04:01:29.040307,15,oximeter,processed
2021-01-22T04:01:29.040414,15,oximeter,detected
2021-01-22T04:01:29.040565,15,oximeter,persisted
2021-01-22T04:01:29.840531,16,oximeter,processed
2021-01-22T04:01:29.840595,16,oximeter,detected
2021-01-22T04:01:29.840772,16,oximeter,persisted
2021-01-22T04:01:37.843081,15,thermometer,processed
2021-01-22T04:01:37.843190,15,thermometer,detected
2021-01-22T04:01:37.843418,15,thermometer,persisted
2021-01-22T04:01:38.843406,16,thermometer,processed
2021-01-22T04:01:38.843508,16,thermometer,detected
2021-01-22T04:01:38.843751,16,thermometer,persisted
2021-01-22T04:01:39.643664,17,ecg,processed
2021-01-22T04:01:39.643755,17,ecg,detected
2021-01-22T04:01:39.643872,17,ecg,persisted
2021-01-22T04:01:39.843729,17,thermometer,processed
2021-01-22T04:01:39.843828,17,thermometer,detected
2021-01-22T04:01:39.843920,17,thermometer,persisted
2021-01-22T04:01:40.643994,18,ecg,processed
2021-01-22T04:01:40.644095,18,ecg,detected
2021-01-22T04:01:40.644183,18,ecg,persisted
2021-01-22T04:01:40.844067,19,oximeter,processed
2021-01-22T04:01:40.844137,19,oximeter,detected
2021-01-22T04:01:40.844271,19,oximeter,persisted
2021-01-22T04:01:41.644350,19,ecg,processed
2021-01-22T04:01:41.644442,19,ecg,detected
2021-01-22T04:01:41.644591,19,ecg,persisted
2021-01-22T04:01:41.844400,20,oximeter,processed
2021-01-22T04:01:41.844472,20,oximeter,detected
2021-01-22T04:01:41.844566,20,oximeter,persisted
2021-01-22T04:01:42.644656,20,ecg,processed
2021-01-22T04:01:42.644767,20,ecg,detected
2021-01-22T04:01:42.644916,20,ecg,persisted
2021-01-22T04:01:42.844697,21,oximeter,processed
2021-01-22T04:01:42.844769,21,oximeter,detected
2021-01-22T04:01:42.844858,21,oximeter,persisted
2021-01-22T04:01:43.645058,21,ecg,processed
2021-01-22T04:01:43.645161,21,ecg,detected
2021-01-22T04:01:43.645391,21,ecg,persisted
2021-01-22T04:01:43.845110,22,oximeter,processed
2021-01-22T04:01:43.845183,22,oximeter,detected
2021-01-22T04:01:43.845336,22,oximeter,persisted
2021-01-22T04:01:44.645365,22,ecg,processed
2021-01-22T04:01:44.645460,22,ecg,detected
2021-01-22T04:01:44.645673,22,ecg,persisted
2021-01-22T04:01:44.845415,23,oximeter,processed
2021-01-22T04:01:44.845493,23,oximeter,detected
2021-01-22T04:01:44.845623,23,oximeter,persisted
2021-01-22T04:01:45.845758,24,oximeter,processed
2021-01-22T04:01:45.845841,24,oximeter,detected
2021-01-22T04:01:45.845942,24,oximeter,persisted
2021-01-22T04:01:46.846065,25,oximeter,processed
2021-01-22T04:01:46.846138,25,oximeter,detected
2021-01-22T04:01:46.846296,25,oximeter,persisted
2021-01-22T04:01:52.848000,22,thermometer,processed
2021-01-22T04:01:52.848113,22,thermometer,detected
2021-01-22T04:01:52.848250,22,thermometer,persisted
2021-01-22T04:01:53.848275,23,thermometer,processed
2021-01-22T04:01:53.848383,23,thermometer,detected
2021-01-22T04:01:53.848644,23,thermometer,persisted
2021-01-22T04:01:54.851163,24,thermometer,processed
2021-01-22T04:01:54.851277,24,thermometer,detected
2021-01-22T04:01:54.851653,24,thermometer,persisted
2021-01-22T04:01:55.651320,25,ecg,processed
2021-01-22T04:01:55.651422,25,ecg,detected
2021-01-22T04:01:55.651796,25,ecg,persisted
2021-01-22T04:01:55.851382,25,thermometer,processed
2021-01-22T04:01:55.851488,25,thermometer,detected
2021-01-22T04:01:55.851645,25,thermometer,persisted
2021-01-22T04:01:56.651631,26,ecg,processed
2021-01-22T04:01:56.651754,26,ecg,detected
2021-01-22T04:01:56.652121,26,ecg,persisted
2021-01-22T04:01:56.851705,26,thermometer,processed
2021-01-22T04:01:56.851827,26,thermometer,detected
2021-01-22T04:01:56.852325,26,thermometer,persisted
2021-01-22T04:01:57.651996,27,ecg,processed
2021-01-22T04:01:57.652097,27,ecg,detected
2021-01-22T04:01:57.652399,27,ecg,persisted
2021-01-22T04:01:57.852077,28,oximeter,processed
2021-01-22T04:01:57.852260,28,oximeter,detected
2021-01-22T04:01:57.852517,28,oximeter,persisted
2021-01-22T04:01:58.652314,28,ecg,processed
2021-01-22T04:01:58.652413,28,ecg,detected
2021-01-22T04:01:58.652823,28,ecg,persisted
2021-01-22T04:01:58.852386,29,oximeter,processed
2021-01-22T04:01:58.852494,29,oximeter,detected
2021-01-22T04:01:58.852923,29,oximeter,persisted
2021-01-22T04:01:59.652689,29,ecg,processed
2021-01-22T04:01:59.652786,29,ecg,detected
2021-01-22T04:01:59.652875,29,ecg,persisted
2021-01-22T04:01:59.852751,30,oximeter,processed
2021-01-22T04:01:59.852846,30,oximeter,detected
2021-01-22T04:01:59.852924,30,oximeter,persisted
2021-01-22T04:02:00.452951,30,ecg,processed
2021-01-22T04:02:00.453022,30,ecg,detected
2021-01-22T04:02:00.453168,30,ecg,persisted
2021-01-22T04:02:00.853090,31,oximeter,processed
2021-01-22T04:02:00.853202,31,oximeter,detected
2021-01-22T04:02:00.853565,31,oximeter,persisted
2021-01-22T04:02:01.853417,32,oximeter,processed
2021-01-22T04:02:01.853533,32,oximeter,detected
2021-01-22T04:02:01.853626,32,oximeter,persisted
2021-01-22T04:02:02.853741,33,oximeter,processed
2021-01-22T04:02:02.853863,33,oximeter,detected
2021-01-22T04:02:02.853954,33,oximeter,persisted
2021-01-22T04:02:03.854041,34,oximeter,processed
2021-01-22T04:02:03.854124,34,oximeter,detected
2021-01-22T04:02:03.854339,34,oximeter,persisted
