
2021-01-19T01:08:33.426307,2,oximeter,processed
2021-01-19T01:08:33.426491,2,oximeter,detected
2021-01-19T01:08:33.426879,2,oximeter,persisted
2021-01-19T01:08:33.626285,2,ecg,processed
2021-01-19T01:08:33.626442,2,ecg,detected
2021-01-19T01:08:33.626643,2,ecg,persisted
2021-01-19T01:08:34.026447,2,thermometer,processed
2021-01-19T01:08:34.026587,2,thermometer,detected
2021-01-19T01:08:34.026802,2,thermometer,persisted
2021-01-19T01:08:34.426627,3,oximeter,processed
2021-01-19T01:08:34.426773,3,oximeter,detected
2021-01-19T01:08:34.427009,3,oximeter,persisted
2021-01-19T01:08:34.626691,3,ecg,processed
2021-01-19T01:08:34.626840,3,ecg,detected
2021-01-19T01:08:34.627002,3,ecg,persisted
2021-01-19T01:08:35.026997,3,thermometer,processed
2021-01-19T01:08:35.027209,3,thermometer,detected
2021-01-19T01:08:35.027489,3,thermometer,persisted
2021-01-19T01:08:35.427104,4,oximeter,processed
2021-01-19T01:08:35.427255,4,oximeter,detected
2021-01-19T01:08:35.427762,4,oximeter,persisted
2021-01-19T01:08:35.627196,4,ecg,processed
2021-01-19T01:08:35.627380,4,ecg,detected
2021-01-19T01:08:35.627624,4,ecg,persisted
2021-01-19T01:08:36.027405,4,thermometer,processed
2021-01-19T01:08:36.027569,4,thermometer,detected
2021-01-19T01:08:36.027795,4,thermometer,persisted
2021-01-19T01:08:36.427500,5,oximeter,processed
2021-01-19T01:08:36.427631,5,oximeter,detected
2021-01-19T01:08:36.427896,5,oximeter,persisted
2021-01-19T01:08:36.627627,5,ecg,processed
2021-01-19T01:08:36.627819,5,ecg,detected
2021-01-19T01:08:36.628233,5,ecg,persisted
2021-01-19T01:08:37.027805,5,thermometer,processed
2021-01-19T01:08:37.027960,5,thermometer,detected
2021-01-19T01:08:37.028614,5,thermometer,persisted
2021-01-19T01:08:37.427977,6,oximeter,processed
2021-01-19T01:08:37.428113,6,oximeter,detected
2021-01-19T01:08:37.428404,6,oximeter,persisted
2021-01-19T01:08:37.628052,6,ecg,processed
2021-01-19T01:08:37.628246,6,ecg,detected
2021-01-19T01:08:37.628465,6,ecg,persisted
2021-01-19T01:08:38.028189,6,thermometer,processed
2021-01-19T01:08:38.028340,6,thermometer,detected
2021-01-19T01:08:38.028588,6,thermometer,persisted
2021-01-19T01:08:38.428360,7,oximeter,processed
2021-01-19T01:08:38.428501,7,oximeter,detected
2021-01-19T01:08:38.428723,7,oximeter,persisted
2021-01-19T01:08:38.628448,7,ecg,processed
2021-01-19T01:08:38.628609,7,ecg,detected
2021-01-19T01:08:38.628823,7,ecg,persisted
2021-01-19T01:08:39.028651,7,thermometer,processed
2021-01-19T01:08:39.028873,7,thermometer,detected
2021-01-19T01:08:39.029061,7,thermometer,persisted
2021-01-19T01:08:39.428829,8,oximeter,processed
2021-01-19T01:08:39.429001,8,oximeter,detected
2021-01-19T01:08:39.429204,8,oximeter,persisted
2021-01-19T01:08:39.628874,8,ecg,processed
2021-01-19T01:08:39.629033,8,ecg,detected
2021-01-19T01:08:39.629256,8,ecg,persisted
2021-01-19T01:08:40.029055,8,thermometer,processed
2021-01-19T01:08:40.029232,8,thermometer,detected
2021-01-19T01:08:40.029420,8,thermometer,persisted
2021-01-19T01:08:40.429185,9,oximeter,processed
2021-01-19T01:08:40.429332,9,oximeter,detected
2021-01-19T01:08:40.429598,9,oximeter,persisted
2021-01-19T01:08:40.629218,9,ecg,processed
2021-01-19T01:08:40.629313,9,ecg,detected
2021-01-19T01:08:40.629465,9,ecg,persisted
2021-01-19T01:08:41.029428,9,thermometer,processed
2021-01-19T01:08:41.029592,9,thermometer,detected
2021-01-19T01:08:41.029799,9,thermometer,persisted
2021-01-19T01:08:41.429628,10,oximeter,processed
2021-01-19T01:08:41.429808,10,oximeter,detected
2021-01-19T01:08:41.429998,10,oximeter,persisted
2021-01-19T01:08:41.629701,10,ecg,processed
2021-01-19T01:08:41.629899,10,ecg,detected
2021-01-19T01:08:41.630098,10,ecg,persisted
2021-01-19T01:08:42.029864,10,thermometer,processed
2021-01-19T01:08:42.030030,10,thermometer,detected
2021-01-19T01:08:42.030281,10,thermometer,persisted
2021-01-19T01:08:42.430085,11,oximeter,processed
2021-01-19T01:08:42.430265,11,oximeter,detected
2021-01-19T01:08:42.430507,11,oximeter,persisted
2021-01-19T01:08:42.630112,11,ecg,processed
2021-01-19T01:08:42.630278,11,ecg,detected
2021-01-19T01:08:42.630519,11,ecg,persisted
2021-01-19T01:08:43.030275,11,thermometer,processed
2021-01-19T01:08:43.030493,11,thermometer,detected
2021-01-19T01:08:43.030718,11,thermometer,persisted
2021-01-19T01:08:43.430480,12,oximeter,processed
2021-01-19T01:08:43.430682,12,oximeter,detected
2021-01-19T01:08:43.430966,12,oximeter,persisted
2021-01-19T01:08:43.630617,12,ecg,processed
2021-01-19T01:08:43.630814,12,ecg,detected
2021-01-19T01:08:43.631209,12,ecg,persisted
2021-01-19T01:08:44.030719,12,thermometer,processed
2021-01-19T01:08:44.030876,12,thermometer,detected
2021-01-19T01:08:44.031124,12,thermometer,persisted
2021-01-19T01:08:44.430882,13,oximeter,processed
2021-01-19T01:08:44.431066,13,oximeter,detected
2021-01-19T01:08:44.431478,13,oximeter,persisted
2021-01-19T01:08:44.630942,13,ecg,processed
2021-01-19T01:08:44.631101,13,ecg,detected
2021-01-19T01:08:44.631344,13,ecg,persisted
2021-01-19T01:08:45.031162,13,thermometer,processed
2021-01-19T01:08:45.031349,13,thermometer,detected
2021-01-19T01:08:45.031705,13,thermometer,persisted
2021-01-19T01:08:45.431291,14,oximeter,processed
2021-01-19T01:08:45.431425,14,oximeter,detected
2021-01-19T01:08:45.431610,14,oximeter,persisted
2021-01-19T01:08:45.631392,14,ecg,processed
2021-01-19T01:08:45.631577,14,ecg,detected
2021-01-19T01:08:45.631827,14,ecg,persisted
2021-01-19T01:08:46.031544,14,thermometer,processed
2021-01-19T01:08:46.031735,14,thermometer,detected
2021-01-19T01:08:46.031965,14,thermometer,persisted
2021-01-19T01:08:46.431755,15,oximeter,processed
2021-01-19T01:08:46.431918,15,oximeter,detected
2021-01-19T01:08:46.432167,15,oximeter,persisted
2021-01-19T01:08:46.631815,15,ecg,processed
2021-01-19T01:08:46.632012,15,ecg,detected
2021-01-19T01:08:46.632238,15,ecg,persisted
2021-01-19T01:08:47.031952,15,thermometer,processed
2021-01-19T01:08:47.032140,15,thermometer,detected
2021-01-19T01:08:47.032353,15,thermometer,persisted
2021-01-19T01:08:47.432104,16,oximeter,processed
2021-01-19T01:08:47.432285,16,oximeter,detected
2021-01-19T01:08:47.432471,16,oximeter,persisted
2021-01-19T01:08:47.632190,16,ecg,processed
2021-01-19T01:08:47.632386,16,ecg,detected
2021-01-19T01:08:47.632579,16,ecg,persisted
2021-01-19T01:08:48.032355,16,thermometer,processed
2021-01-19T01:08:48.032555,16,thermometer,detected
2021-01-19T01:08:48.032771,16,thermometer,persisted
2021-01-19T01:08:48.432540,17,oximeter,processed
2021-01-19T01:08:48.432714,17,oximeter,detected
2021-01-19T01:08:48.432938,17,oximeter,persisted
2021-01-19T01:08:48.632604,17,ecg,processed
2021-01-19T01:08:48.632791,17,ecg,detected
2021-01-19T01:08:48.633120,17,ecg,persisted
2021-01-19T01:08:49.032724,17,thermometer,processed
2021-01-19T01:08:49.032848,17,thermometer,detected
2021-01-19T01:08:49.032957,17,thermometer,persisted
2021-01-19T01:08:49.432936,18,oximeter,processed
2021-01-19T01:08:49.433100,18,oximeter,detected
2021-01-19T01:08:49.433303,18,oximeter,persisted
2021-01-19T01:08:49.633028,18,ecg,processed
2021-01-19T01:08:49.633195,18,ecg,detected
2021-01-19T01:08:49.633409,18,ecg,persisted
2021-01-19T01:08:50.033187,18,thermometer,processed
2021-01-19T01:08:50.033342,18,thermometer,detected
2021-01-19T01:08:50.033527,18,thermometer,persisted
2021-01-19T01:08:50.433430,19,oximeter,processed
2021-01-19T01:08:50.433623,19,oximeter,detected
2021-01-19T01:08:50.433821,19,oximeter,persisted
2021-01-19T01:08:50.633458,19,ecg,processed
2021-01-19T01:08:50.633620,19,ecg,detected
2021-01-19T01:08:50.633819,19,ecg,persisted
2021-01-19T01:08:51.033649,19,thermometer,processed
2021-01-19T01:08:51.033812,19,thermometer,detected
2021-01-19T01:08:51.034242,19,thermometer,persisted
2021-01-19T01:08:51.433855,20,oximeter,processed
2021-01-19T01:08:51.434066,20,oximeter,detected
2021-01-19T01:08:51.434323,20,oximeter,persisted
2021-01-19T01:08:51.633881,20,ecg,processed
2021-01-19T01:08:51.634044,20,ecg,detected
2021-01-19T01:08:51.634283,20,ecg,persisted
2021-01-19T01:08:52.034101,20,thermometer,processed
2021-01-19T01:08:52.034329,20,thermometer,detected
2021-01-19T01:08:52.034550,20,thermometer,persisted
2021-01-19T01:08:52.434267,21,oximeter,processed
2021-01-19T01:08:52.434419,21,oximeter,detected
2021-01-19T01:08:52.434599,21,oximeter,persisted
2021-01-19T01:08:52.634315,21,ecg,processed
2021-01-19T01:08:52.634474,21,ecg,detected
2021-01-19T01:08:52.634677,21,ecg,persisted
2021-01-19T01:08:53.034529,21,thermometer,processed
2021-01-19T01:08:53.034703,21,thermometer,detected
2021-01-19T01:08:53.034938,21,thermometer,persisted
2021-01-19T01:08:53.434677,22,oximeter,processed
2021-01-19T01:08:53.434819,22,oximeter,detected
2021-01-19T01:08:53.435036,22,oximeter,persisted
2021-01-19T01:08:53.634761,22,ecg,processed
2021-01-19T01:08:53.634922,22,ecg,detected
2021-01-19T01:08:53.635176,22,ecg,persisted
2021-01-19T01:08:54.034927,22,thermometer,processed
2021-01-19T01:08:54.035088,22,thermometer,detected
2021-01-19T01:08:54.035330,22,thermometer,persisted
2021-01-19T01:08:54.435093,23,oximeter,processed
2021-01-19T01:08:54.435269,23,oximeter,detected
2021-01-19T01:08:54.435506,23,oximeter,persisted
2021-01-19T01:08:54.635190,23,ecg,processed
2021-01-19T01:08:54.635377,23,ecg,detected
2021-01-19T01:08:54.635621,23,ecg,persisted
2021-01-19T01:08:55.035416,23,thermometer,processed
2021-01-19T01:08:55.035587,23,thermometer,detected
2021-01-19T01:08:55.035735,23,thermometer,persisted
2021-01-19T01:08:55.435672,24,oximeter,processed
2021-01-19T01:08:55.435875,24,oximeter,detected
2021-01-19T01:08:55.436078,24,oximeter,persisted
2021-01-19T01:08:55.635664,24,ecg,processed
2021-01-19T01:08:55.635849,24,ecg,detected
2021-01-19T01:08:55.636060,24,ecg,persisted
2021-01-19T01:08:56.035813,24,thermometer,processed
2021-01-19T01:08:56.035973,24,thermometer,detected
2021-01-19T01:08:56.036209,24,thermometer,persisted
2021-01-19T01:08:56.435940,25,oximeter,processed
2021-01-19T01:08:56.436124,25,oximeter,detected
2021-01-19T01:08:56.436331,25,oximeter,persisted
2021-01-19T01:08:56.636020,25,ecg,processed
2021-01-19T01:08:56.636214,25,ecg,detected
2021-01-19T01:08:56.636420,25,ecg,persisted
2021-01-19T01:08:57.036184,25,thermometer,processed
2021-01-19T01:08:57.036371,25,thermometer,detected
2021-01-19T01:08:57.036607,25,thermometer,persisted
2021-01-19T01:08:57.436387,26,oximeter,processed
2021-01-19T01:08:57.436562,26,oximeter,detected
2021-01-19T01:08:57.436775,26,oximeter,persisted
2021-01-19T01:08:57.636544,26,ecg,processed
2021-01-19T01:08:57.636734,26,ecg,detected
2021-01-19T01:08:57.637106,26,ecg,persisted
2021-01-19T01:08:58.036719,26,thermometer,processed
2021-01-19T01:08:58.036893,26,thermometer,detected
2021-01-19T01:08:58.037159,26,thermometer,persisted
2021-01-19T01:08:58.436782,27,oximeter,processed
2021-01-19T01:08:58.436931,27,oximeter,detected
2021-01-19T01:08:58.437296,27,oximeter,persisted
2021-01-19T01:08:58.636873,27,ecg,processed
2021-01-19T01:08:58.637032,27,ecg,detected
2021-01-19T01:08:58.637223,27,ecg,persisted
2021-01-19T01:08:59.037028,27,thermometer,processed
2021-01-19T01:08:59.037177,27,thermometer,detected
2021-01-19T01:08:59.037408,27,thermometer,persisted
2021-01-19T01:08:59.437174,28,oximeter,processed
2021-01-19T01:08:59.437314,28,oximeter,detected
2021-01-19T01:08:59.437530,28,oximeter,persisted
2021-01-19T01:08:59.637279,28,ecg,processed
2021-01-19T01:08:59.637439,28,ecg,detected
2021-01-19T01:08:59.637739,28,ecg,persisted
2021-01-19T01:09:00.037432,28,thermometer,processed
2021-01-19T01:09:00.037570,28,thermometer,detected
2021-01-19T01:09:00.037732,28,thermometer,persisted
2021-01-19T01:09:00.437610,29,oximeter,processed
2021-01-19T01:09:00.437797,29,oximeter,detected
2021-01-19T01:09:00.438175,29,oximeter,persisted
2021-01-19T01:09:00.637679,29,ecg,processed
2021-01-19T01:09:00.637843,29,ecg,detected
2021-01-19T01:09:00.638095,29,ecg,persisted
2021-01-19T01:09:01.037900,29,thermometer,processed
2021-01-19T01:09:01.038082,29,thermometer,detected
2021-01-19T01:09:01.038626,29,thermometer,persisted
2021-01-19T01:09:01.438030,30,oximeter,processed
2021-01-19T01:09:01.438183,30,oximeter,detected
2021-01-19T01:09:01.438383,30,oximeter,persisted
2021-01-19T01:09:01.638086,30,ecg,processed
2021-01-19T01:09:01.638245,30,ecg,detected
2021-01-19T01:09:01.638458,30,ecg,persisted
2021-01-19T01:09:02.038297,30,thermometer,processed
2021-01-19T01:09:02.038502,30,thermometer,detected
2021-01-19T01:09:02.039090,30,thermometer,persisted
2021-01-19T01:09:02.438436,31,oximeter,processed
2021-01-19T01:09:02.438623,31,oximeter,detected
2021-01-19T01:09:02.438870,31,oximeter,persisted
2021-01-19T01:09:02.638535,31,ecg,processed
2021-01-19T01:09:02.638716,31,ecg,detected
2021-01-19T01:09:02.638930,31,ecg,persisted
2021-01-19T01:09:03.038755,31,thermometer,processed
2021-01-19T01:09:03.038933,31,thermometer,detected
2021-01-19T01:09:03.039164,31,thermometer,persisted
2021-01-19T01:09:03.438869,32,oximeter,processed
2021-01-19T01:09:03.439015,32,oximeter,detected
2021-01-19T01:09:03.439204,32,oximeter,persisted
2021-01-19T01:09:03.639042,32,ecg,processed
2021-01-19T01:09:03.639241,32,ecg,detected
2021-01-19T01:09:03.639473,32,ecg,persisted
2021-01-19T01:09:04.039266,32,thermometer,processed
2021-01-19T01:09:04.039464,32,thermometer,detected
2021-01-19T01:09:04.039886,32,thermometer,persisted
2021-01-19T01:09:04.439368,33,oximeter,processed
2021-01-19T01:09:04.439555,33,oximeter,detected
2021-01-19T01:09:04.439809,33,oximeter,persisted
2021-01-19T01:09:04.639414,33,ecg,processed
2021-01-19T01:09:04.639563,33,ecg,detected
2021-01-19T01:09:04.639799,33,ecg,persisted
2021-01-19T01:09:05.039647,33,thermometer,processed
2021-01-19T01:09:05.039835,33,thermometer,detected
2021-01-19T01:09:05.040372,33,thermometer,persisted
2021-01-19T01:09:05.439786,34,oximeter,processed
2021-01-19T01:09:05.439968,34,oximeter,detected
2021-01-19T01:09:05.440413,34,oximeter,persisted
2021-01-19T01:09:05.639859,34,ecg,processed
2021-01-19T01:09:05.640030,34,ecg,detected
2021-01-19T01:09:05.640526,34,ecg,persisted
2021-01-19T01:09:06.039966,34,thermometer,processed
2021-01-19T01:09:06.040136,34,thermometer,detected
2021-01-19T01:09:06.040455,34,thermometer,persisted
2021-01-19T01:09:06.440155,35,oximeter,processed
2021-01-19T01:09:06.440304,35,oximeter,detected
2021-01-19T01:09:06.440533,35,oximeter,persisted
2021-01-19T01:09:06.640193,35,ecg,processed
2021-01-19T01:09:06.640348,35,ecg,detected
2021-01-19T01:09:06.640570,35,ecg,persisted
2021-01-19T01:09:07.040420,35,thermometer,processed
2021-01-19T01:09:07.040648,35,thermometer,detected
2021-01-19T01:09:07.040981,35,thermometer,persisted
2021-01-19T01:09:07.440531,36,oximeter,processed
2021-01-19T01:09:07.440695,36,oximeter,detected
2021-01-19T01:09:07.440952,36,oximeter,persisted
2021-01-19T01:09:07.640621,36,ecg,processed
2021-01-19T01:09:07.640814,36,ecg,detected
2021-01-19T01:09:07.640997,36,ecg,persisted
2021-01-19T01:09:08.040803,36,thermometer,processed
2021-01-19T01:09:08.041011,36,thermometer,detected
2021-01-19T01:09:08.041250,36,thermometer,persisted
2021-01-19T01:09:08.440966,37,oximeter,processed
2021-01-19T01:09:08.441147,37,oximeter,detected
2021-01-19T01:09:08.441334,37,oximeter,persisted
2021-01-19T01:09:08.641046,37,ecg,processed
2021-01-19T01:09:08.641207,37,ecg,detected
2021-01-19T01:09:08.641458,37,ecg,persisted
2021-01-19T01:09:09.041212,37,thermometer,processed
2021-01-19T01:09:09.041406,37,thermometer,detected
2021-01-19T01:09:09.041649,37,thermometer,persisted
2021-01-19T01:09:09.441424,38,oximeter,processed
2021-01-19T01:09:09.441637,38,oximeter,detected
2021-01-19T01:09:09.442022,38,oximeter,persisted
2021-01-19T01:09:09.641465,38,ecg,processed
2021-01-19T01:09:09.641655,38,ecg,detected
2021-01-19T01:09:09.641914,38,ecg,persisted
2021-01-19T01:09:10.041653,38,thermometer,processed
2021-01-19T01:09:10.041813,38,thermometer,detected
2021-01-19T01:09:10.042016,38,thermometer,persisted
2021-01-19T01:09:10.441849,39,oximeter,processed
2021-01-19T01:09:10.442028,39,oximeter,detected
2021-01-19T01:09:10.442236,39,oximeter,persisted
2021-01-19T01:09:10.641880,39,ecg,processed
2021-01-19T01:09:10.642039,39,ecg,detected
2021-01-19T01:09:10.642238,39,ecg,persisted
2021-01-19T01:09:11.042169,39,thermometer,processed
2021-01-19T01:09:11.042361,39,thermometer,detected
2021-01-19T01:09:11.042577,39,thermometer,persisted
2021-01-19T01:09:11.442299,40,oximeter,processed
2021-01-19T01:09:11.442501,40,oximeter,detected
2021-01-19T01:09:11.442737,40,oximeter,persisted
2021-01-19T01:09:11.642420,40,ecg,processed
2021-01-19T01:09:11.642612,40,ecg,detected
2021-01-19T01:09:11.642817,40,ecg,persisted
2021-01-19T01:09:12.042530,40,thermometer,processed
2021-01-19T01:09:12.042689,40,thermometer,detected
2021-01-19T01:09:12.043245,40,thermometer,persisted
2021-01-19T01:09:12.442705,41,oximeter,processed
2021-01-19T01:09:12.442866,41,oximeter,detected
2021-01-19T01:09:12.443228,41,oximeter,persisted
2021-01-19T01:09:12.642723,41,ecg,processed
2021-01-19T01:09:12.642877,41,ecg,detected
2021-01-19T01:09:12.643079,41,ecg,persisted
2021-01-19T01:09:13.042904,41,thermometer,processed
2021-01-19T01:09:13.043102,41,thermometer,detected
2021-01-19T01:09:13.043459,41,thermometer,persisted
2021-01-19T01:09:13.443122,42,oximeter,processed
2021-01-19T01:09:13.443338,42,oximeter,detected
2021-01-19T01:09:13.443639,42,oximeter,persisted
2021-01-19T01:09:13.643136,42,ecg,processed
2021-01-19T01:09:13.643294,42,ecg,detected
2021-01-19T01:09:13.643515,42,ecg,persisted
2021-01-19T01:09:14.043381,42,thermometer,processed
2021-01-19T01:09:14.043578,42,thermometer,detected
2021-01-19T01:09:14.043887,42,thermometer,persisted
2021-01-19T01:09:14.443529,43,oximeter,processed
2021-01-19T01:09:14.443713,43,oximeter,detected
2021-01-19T01:09:14.443978,43,oximeter,persisted
2021-01-19T01:09:14.643658,43,ecg,processed
2021-01-19T01:09:14.643821,43,ecg,detected
2021-01-19T01:09:14.644041,43,ecg,persisted
2021-01-19T01:09:15.043790,43,thermometer,processed
2021-01-19T01:09:15.043937,43,thermometer,detected
2021-01-19T01:09:15.044155,43,thermometer,persisted
2021-01-19T01:09:15.443985,44,oximeter,processed
2021-01-19T01:09:15.444135,44,oximeter,detected
2021-01-19T01:09:15.444347,44,oximeter,persisted
2021-01-19T01:09:15.644112,44,ecg,processed
2021-01-19T01:09:15.644296,44,ecg,detected
2021-01-19T01:09:15.644505,44,ecg,persisted
2021-01-19T01:09:16.044251,44,thermometer,processed
2021-01-19T01:09:16.044454,44,thermometer,detected
2021-01-19T01:09:16.044676,44,thermometer,persisted
2021-01-19T01:09:16.444393,45,oximeter,processed
2021-01-19T01:09:16.444560,45,oximeter,detected
2021-01-19T01:09:16.444797,45,oximeter,persisted
2021-01-19T01:09:16.644507,45,ecg,processed
2021-01-19T01:09:16.644669,45,ecg,detected
2021-01-19T01:09:16.644894,45,ecg,persisted
2021-01-19T01:09:17.044606,45,thermometer,processed
2021-01-19T01:09:17.044763,45,thermometer,detected
2021-01-19T01:09:17.044982,45,thermometer,persisted
2021-01-19T01:09:17.444809,46,oximeter,processed
2021-01-19T01:09:17.444960,46,oximeter,detected
2021-01-19T01:09:17.445168,46,oximeter,persisted
2021-01-19T01:09:17.644892,46,ecg,processed
2021-01-19T01:09:17.645047,46,ecg,detected
2021-01-19T01:09:17.645242,46,ecg,persisted
2021-01-19T01:09:18.045048,46,thermometer,processed
2021-01-19T01:09:18.045212,46,thermometer,detected
2021-01-19T01:09:18.045422,46,thermometer,persisted
2021-01-19T01:09:18.445245,47,oximeter,processed
2021-01-19T01:09:18.445420,47,oximeter,detected
2021-01-19T01:09:18.445963,47,oximeter,persisted
2021-01-19T01:09:18.645273,47,ecg,processed
2021-01-19T01:09:18.645429,47,ecg,detected
2021-01-19T01:09:18.645669,47,ecg,persisted
2021-01-19T01:09:19.045540,47,thermometer,processed
2021-01-19T01:09:19.045736,47,thermometer,detected
2021-01-19T01:09:19.046071,47,thermometer,persisted
2021-01-19T01:09:19.445671,48,oximeter,processed
2021-01-19T01:09:19.445844,48,oximeter,detected
2021-01-19T01:09:19.446186,48,oximeter,persisted
2021-01-19T01:09:19.645774,48,ecg,processed
2021-01-19T01:09:19.645949,48,ecg,detected
2021-01-19T01:09:19.646197,48,ecg,persisted
2021-01-19T01:09:20.045952,48,thermometer,processed
2021-01-19T01:09:20.046144,48,thermometer,detected
2021-01-19T01:09:20.046694,48,thermometer,persisted
2021-01-19T01:09:20.446051,49,oximeter,processed
2021-01-19T01:09:20.446252,49,oximeter,detected
2021-01-19T01:09:20.446495,49,oximeter,persisted
2021-01-19T01:09:20.646107,49,ecg,processed
2021-01-19T01:09:20.646266,49,ecg,detected
2021-01-19T01:09:20.646475,49,ecg,persisted
2021-01-19T01:09:21.046306,49,thermometer,processed
2021-01-19T01:09:21.046518,49,thermometer,detected
2021-01-19T01:09:21.046733,49,thermometer,persisted
2021-01-19T01:09:21.446470,50,oximeter,processed
2021-01-19T01:09:21.446684,50,oximeter,detected
2021-01-19T01:09:21.446951,50,oximeter,persisted
2021-01-19T01:09:21.646540,50,ecg,processed
2021-01-19T01:09:21.646723,50,ecg,detected
2021-01-19T01:09:21.646933,50,ecg,persisted
2021-01-19T01:09:22.046731,50,thermometer,processed
2021-01-19T01:09:22.046885,50,thermometer,detected
2021-01-19T01:09:22.047070,50,thermometer,persisted
2021-01-19T01:09:22.446936,51,oximeter,processed
2021-01-19T01:09:22.447086,51,oximeter,detected
2021-01-19T01:09:22.447264,51,oximeter,persisted
2021-01-19T01:09:22.646968,51,ecg,processed
2021-01-19T01:09:22.647164,51,ecg,detected
2021-01-19T01:09:22.647422,51,ecg,persisted
2021-01-19T01:09:23.047141,51,thermometer,processed
2021-01-19T01:09:23.047350,51,thermometer,detected
2021-01-19T01:09:23.047715,51,thermometer,persisted
2021-01-19T01:09:23.447314,52,oximeter,processed
2021-01-19T01:09:23.447502,52,oximeter,detected
2021-01-19T01:09:23.447779,52,oximeter,persisted
2021-01-19T01:09:23.647408,52,ecg,processed
2021-01-19T01:09:23.647573,52,ecg,detected
2021-01-19T01:09:23.647812,52,ecg,persisted
2021-01-19T01:09:24.047573,52,thermometer,processed
2021-01-19T01:09:24.047795,52,thermometer,detected
2021-01-19T01:09:24.048021,52,thermometer,persisted
2021-01-19T01:09:24.447765,53,oximeter,processed
2021-01-19T01:09:24.447926,53,oximeter,detected
2021-01-19T01:09:24.448156,53,oximeter,persisted
2021-01-19T01:09:24.647785,53,ecg,processed
2021-01-19T01:09:24.647940,53,ecg,detected
2021-01-19T01:09:24.648151,53,ecg,persisted
2021-01-19T01:09:25.047982,53,thermometer,processed
2021-01-19T01:09:25.048202,53,thermometer,detected
2021-01-19T01:09:25.048433,53,thermometer,persisted
2021-01-19T01:09:25.448144,54,oximeter,processed
2021-01-19T01:09:25.448348,54,oximeter,detected
2021-01-19T01:09:25.448577,54,oximeter,persisted
2021-01-19T01:09:25.648201,54,ecg,processed
2021-01-19T01:09:25.648402,54,ecg,detected
2021-01-19T01:09:25.648608,54,ecg,persisted
2021-01-19T01:09:26.048406,54,thermometer,processed
2021-01-19T01:09:26.048628,54,thermometer,detected
2021-01-19T01:09:26.048873,54,thermometer,persisted
2021-01-19T01:09:26.448533,55,oximeter,processed
2021-01-19T01:09:26.448703,55,oximeter,detected
2021-01-19T01:09:26.449125,55,oximeter,persisted
2021-01-19T01:09:26.648616,55,ecg,processed
2021-01-19T01:09:26.648773,55,ecg,detected
2021-01-19T01:09:26.649057,55,ecg,persisted
2021-01-19T01:09:27.048791,55,thermometer,processed
2021-01-19T01:09:27.049001,55,thermometer,detected
2021-01-19T01:09:27.049417,55,thermometer,persisted
2021-01-19T01:09:27.448951,56,oximeter,processed
2021-01-19T01:09:27.449141,56,oximeter,detected
2021-01-19T01:09:27.449366,56,oximeter,persisted
2021-01-19T01:09:27.649045,56,ecg,processed
2021-01-19T01:09:27.649205,56,ecg,detected
2021-01-19T01:09:27.649425,56,ecg,persisted
2021-01-19T01:09:28.049225,56,thermometer,processed
2021-01-19T01:09:28.049409,56,thermometer,detected
2021-01-19T01:09:28.049642,56,thermometer,persisted
2021-01-19T01:09:28.449414,57,oximeter,processed
2021-01-19T01:09:28.449606,57,oximeter,detected
2021-01-19T01:09:28.449820,57,oximeter,persisted
2021-01-19T01:09:28.649452,57,ecg,processed
2021-01-19T01:09:28.649638,57,ecg,detected
2021-01-19T01:09:28.650022,57,ecg,persisted
2021-01-19T01:09:29.049727,57,thermometer,processed
2021-01-19T01:09:29.049941,57,thermometer,detected
2021-01-19T01:09:29.050183,57,thermometer,persisted
2021-01-19T01:09:29.449777,58,oximeter,processed
2021-01-19T01:09:29.449970,58,oximeter,detected
2021-01-19T01:09:29.450220,58,oximeter,persisted
2021-01-19T01:09:29.649873,58,ecg,processed
2021-01-19T01:09:29.650063,58,ecg,detected
2021-01-19T01:09:29.650258,58,ecg,persisted
2021-01-19T01:09:30.050023,58,thermometer,processed
2021-01-19T01:09:30.050180,58,thermometer,detected
2021-01-19T01:09:30.050392,58,thermometer,persisted
2021-01-19T01:09:30.450190,59,oximeter,processed
2021-01-19T01:09:30.450372,59,oximeter,detected
2021-01-19T01:09:30.450572,59,oximeter,persisted
2021-01-19T01:09:30.650360,59,ecg,processed
2021-01-19T01:09:30.650553,59,ecg,detected
2021-01-19T01:09:30.650798,59,ecg,persisted
2021-01-19T01:09:31.050479,59,thermometer,processed
2021-01-19T01:09:31.050678,59,thermometer,detected
2021-01-19T01:09:31.050942,59,thermometer,persisted
2021-01-19T01:09:31.450650,60,oximeter,processed
2021-01-19T01:09:31.450871,60,oximeter,detected
2021-01-19T01:09:31.451095,60,oximeter,persisted
2021-01-19T01:09:31.650691,60,ecg,processed
2021-01-19T01:09:31.650852,60,ecg,detected
2021-01-19T01:09:31.651088,60,ecg,persisted
2021-01-19T01:09:32.050878,60,thermometer,processed
2021-01-19T01:09:32.051044,60,thermometer,detected
2021-01-19T01:09:32.051275,60,thermometer,persisted
2021-01-19T01:09:32.451063,61,oximeter,processed
2021-01-19T01:09:32.451284,61,oximeter,detected
2021-01-19T01:09:32.451489,61,oximeter,persisted
2021-01-19T01:09:32.651126,61,ecg,processed
2021-01-19T01:09:32.651280,61,ecg,detected
2021-01-19T01:09:32.651478,61,ecg,persisted
2021-01-19T01:09:33.051308,61,thermometer,processed
2021-01-19T01:09:33.051510,61,thermometer,detected
2021-01-19T01:09:33.051909,61,thermometer,persisted
2021-01-19T01:09:33.451453,62,oximeter,processed
2021-01-19T01:09:33.451669,62,oximeter,detected
2021-01-19T01:09:33.452072,62,oximeter,persisted
2021-01-19T01:09:33.651559,62,ecg,processed
2021-01-19T01:09:33.651778,62,ecg,detected
2021-01-19T01:09:33.652043,62,ecg,persisted
2021-01-19T01:09:34.051765,62,thermometer,processed
2021-01-19T01:09:34.051965,62,thermometer,detected
2021-01-19T01:09:34.052289,62,thermometer,persisted
2021-01-19T01:09:34.451877,63,oximeter,processed
2021-01-19T01:09:34.452039,63,oximeter,detected
2021-01-19T01:09:34.452450,63,oximeter,persisted
2021-01-19T01:09:34.651977,63,ecg,processed
2021-01-19T01:09:34.652135,63,ecg,detected
2021-01-19T01:09:34.652332,63,ecg,persisted
2021-01-19T01:09:35.052102,63,thermometer,processed
2021-01-19T01:09:35.052276,63,thermometer,detected
2021-01-19T01:09:35.052446,63,thermometer,persisted
2021-01-19T01:09:35.452346,64,oximeter,processed
2021-01-19T01:09:35.452525,64,oximeter,detected
2021-01-19T01:09:35.452816,64,oximeter,persisted
2021-01-19T01:09:35.652371,64,ecg,processed
2021-01-19T01:09:35.652516,64,ecg,detected
2021-01-19T01:09:35.652765,64,ecg,persisted
2021-01-19T01:09:36.052615,64,thermometer,processed
2021-01-19T01:09:36.052829,64,thermometer,detected
2021-01-19T01:09:36.053071,64,thermometer,persisted
2021-01-19T01:09:36.452755,65,oximeter,processed
2021-01-19T01:09:36.452951,65,oximeter,detected
2021-01-19T01:09:36.453171,65,oximeter,persisted
2021-01-19T01:09:36.652858,65,ecg,processed
2021-01-19T01:09:36.653018,65,ecg,detected
2021-01-19T01:09:36.653231,65,ecg,persisted
2021-01-19T01:09:37.053085,65,thermometer,processed
2021-01-19T01:09:37.053299,65,thermometer,detected
2021-01-19T01:09:37.053460,65,thermometer,persisted
2021-01-19T01:09:37.453160,66,oximeter,processed
2021-01-19T01:09:37.453316,66,oximeter,detected
2021-01-19T01:09:37.453515,66,oximeter,persisted
2021-01-19T01:09:37.653252,66,ecg,processed
2021-01-19T01:09:37.653412,66,ecg,detected
2021-01-19T01:09:37.653642,66,ecg,persisted
2021-01-19T01:09:38.053384,66,thermometer,processed
2021-01-19T01:09:38.053542,66,thermometer,detected
2021-01-19T01:09:38.053749,66,thermometer,persisted
2021-01-19T01:09:38.453609,67,oximeter,processed
2021-01-19T01:09:38.453810,67,oximeter,detected
2021-01-19T01:09:38.454014,67,oximeter,persisted
2021-01-19T01:09:38.653671,67,ecg,processed
2021-01-19T01:09:38.653856,67,ecg,detected
2021-01-19T01:09:38.654064,67,ecg,persisted
2021-01-19T01:09:39.053827,67,thermometer,processed
2021-01-19T01:09:39.053996,67,thermometer,detected
2021-01-19T01:09:39.054212,67,thermometer,persisted
2021-01-19T01:09:39.453972,68,oximeter,processed
2021-01-19T01:09:39.454182,68,oximeter,detected
2021-01-19T01:09:39.454416,68,oximeter,persisted
2021-01-19T01:09:39.654088,68,ecg,processed
2021-01-19T01:09:39.654247,68,ecg,detected
2021-01-19T01:09:39.654451,68,ecg,persisted
2021-01-19T01:09:40.054239,68,thermometer,processed
2021-01-19T01:09:40.054416,68,thermometer,detected
2021-01-19T01:09:40.054636,68,thermometer,persisted
2021-01-19T01:09:40.454428,69,oximeter,processed
2021-01-19T01:09:40.454635,69,oximeter,detected
2021-01-19T01:09:40.455020,69,oximeter,persisted
2021-01-19T01:09:40.654465,69,ecg,processed
2021-01-19T01:09:40.654608,69,ecg,detected
2021-01-19T01:09:40.654830,69,ecg,persisted
2021-01-19T01:09:41.054673,69,thermometer,processed
2021-01-19T01:09:41.054865,69,thermometer,detected
2021-01-19T01:09:41.055195,69,thermometer,persisted
2021-01-19T01:09:41.454913,70,oximeter,processed
2021-01-19T01:09:41.455086,70,oximeter,detected
2021-01-19T01:09:41.455499,70,oximeter,persisted
2021-01-19T01:09:41.654929,70,ecg,processed
2021-01-19T01:09:41.655122,70,ecg,detected
2021-01-19T01:09:41.655404,70,ecg,persisted
2021-01-19T01:09:42.055130,70,thermometer,processed
2021-01-19T01:09:42.055303,70,thermometer,detected
2021-01-19T01:09:42.055563,70,thermometer,persisted
2021-01-19T01:09:42.455279,71,oximeter,processed
2021-01-19T01:09:42.455482,71,oximeter,detected
2021-01-19T01:09:42.455731,71,oximeter,persisted
2021-01-19T01:09:42.655330,71,ecg,processed
2021-01-19T01:09:42.655488,71,ecg,detected
2021-01-19T01:09:42.655691,71,ecg,persisted
2021-01-19T01:09:43.055497,71,thermometer,processed
2021-01-19T01:09:43.055731,71,thermometer,detected
2021-01-19T01:09:43.055924,71,thermometer,persisted
2021-01-19T01:09:43.455741,72,oximeter,processed
2021-01-19T01:09:43.455938,72,oximeter,detected
2021-01-19T01:09:43.456140,72,oximeter,persisted
2021-01-19T01:09:43.655792,72,ecg,processed
2021-01-19T01:09:43.655952,72,ecg,detected
2021-01-19T01:09:43.656125,72,ecg,persisted
2021-01-19T01:09:44.055955,72,thermometer,processed
2021-01-19T01:09:44.056132,72,thermometer,detected
2021-01-19T01:09:44.056326,72,thermometer,persisted
2021-01-19T01:09:44.456135,73,oximeter,processed
2021-01-19T01:09:44.456293,73,oximeter,detected
2021-01-19T01:09:44.456486,73,oximeter,persisted
2021-01-19T01:09:44.656241,73,ecg,processed
2021-01-19T01:09:44.656437,73,ecg,detected
2021-01-19T01:09:44.656659,73,ecg,persisted
2021-01-19T01:09:45.056348,73,thermometer,processed
2021-01-19T01:09:45.056516,73,thermometer,detected
2021-01-19T01:09:45.056740,73,thermometer,persisted
2021-01-19T01:09:45.456505,74,oximeter,processed
2021-01-19T01:09:45.456704,74,oximeter,detected
2021-01-19T01:09:45.456967,74,oximeter,persisted
2021-01-19T01:09:45.656570,74,ecg,processed
2021-01-19T01:09:45.656753,74,ecg,detected
2021-01-19T01:09:45.656954,74,ecg,persisted
2021-01-19T01:09:46.056744,74,thermometer,processed
2021-01-19T01:09:46.056936,74,thermometer,detected
2021-01-19T01:09:46.057156,74,thermometer,persisted
2021-01-19T01:09:46.456928,75,oximeter,processed
2021-01-19T01:09:46.457124,75,oximeter,detected
2021-01-19T01:09:46.457320,75,oximeter,persisted
2021-01-19T01:09:46.656988,75,ecg,processed
2021-01-19T01:09:46.657158,75,ecg,detected
2021-01-19T01:09:46.657407,75,ecg,persisted
2021-01-19T01:09:47.057168,75,thermometer,processed
2021-01-19T01:09:47.057337,75,thermometer,detected
2021-01-19T01:09:47.057579,75,thermometer,persisted
2021-01-19T01:09:47.457367,76,oximeter,processed
2021-01-19T01:09:47.457538,76,oximeter,detected
2021-01-19T01:09:47.457752,76,oximeter,persisted
2021-01-19T01:09:47.657530,76,ecg,processed
2021-01-19T01:09:47.657721,76,ecg,detected
2021-01-19T01:09:47.658105,76,ecg,persisted
2021-01-19T01:09:48.057668,76,thermometer,processed
2021-01-19T01:09:48.057858,76,thermometer,detected
2021-01-19T01:09:48.058269,76,thermometer,persisted
2021-01-19T01:09:48.457931,77,oximeter,processed
2021-01-19T01:09:48.458133,77,oximeter,detected
2021-01-19T01:09:48.458602,77,oximeter,persisted
2021-01-19T01:09:48.657934,77,ecg,processed
2021-01-19T01:09:48.658143,77,ecg,detected
2021-01-19T01:09:48.658412,77,ecg,persisted
2021-01-19T01:09:49.058153,77,thermometer,processed
2021-01-19T01:09:49.058348,77,thermometer,detected
2021-01-19T01:09:49.058558,77,thermometer,persisted
2021-01-19T01:09:49.458363,78,oximeter,processed
2021-01-19T01:09:49.458567,78,oximeter,detected
2021-01-19T01:09:49.458770,78,oximeter,persisted
2021-01-19T01:09:49.658398,78,ecg,processed
2021-01-19T01:09:49.658544,78,ecg,detected
2021-01-19T01:09:49.658740,78,ecg,persisted
2021-01-19T01:09:50.058550,78,thermometer,processed
2021-01-19T01:09:50.058731,78,thermometer,detected
2021-01-19T01:09:50.058944,78,thermometer,persisted
2021-01-19T01:09:50.458743,79,oximeter,processed
2021-01-19T01:09:50.458917,79,oximeter,detected
2021-01-19T01:09:50.459115,79,oximeter,persisted
2021-01-19T01:09:50.658810,79,ecg,processed
2021-01-19T01:09:50.658975,79,ecg,detected
2021-01-19T01:09:50.659227,79,ecg,persisted
2021-01-19T01:09:51.058989,79,thermometer,processed
2021-01-19T01:09:51.059157,79,thermometer,detected
2021-01-19T01:09:51.059366,79,thermometer,persisted
2021-01-19T01:09:51.459125,80,oximeter,processed
2021-01-19T01:09:51.459290,80,oximeter,detected
2021-01-19T01:09:51.459541,80,oximeter,persisted
2021-01-19T01:09:51.659218,80,ecg,processed
2021-01-19T01:09:51.659416,80,ecg,detected
2021-01-19T01:09:51.659679,80,ecg,persisted
2021-01-19T01:09:52.059383,80,thermometer,processed
2021-01-19T01:09:52.059544,80,thermometer,detected
2021-01-19T01:09:52.059768,80,thermometer,persisted
2021-01-19T01:09:52.459508,81,oximeter,processed
2021-01-19T01:09:52.459617,81,oximeter,detected
2021-01-19T01:09:52.459771,81,oximeter,persisted
2021-01-19T01:09:52.659659,81,ecg,processed
2021-01-19T01:09:52.659853,81,ecg,detected
2021-01-19T01:09:52.660127,81,ecg,persisted
2021-01-19T01:09:53.059830,81,thermometer,processed
2021-01-19T01:09:53.059995,81,thermometer,detected
2021-01-19T01:09:53.060195,81,thermometer,persisted
2021-01-19T01:09:53.459943,82,oximeter,processed
2021-01-19T01:09:53.460116,82,oximeter,detected
2021-01-19T01:09:53.460310,82,oximeter,persisted
2021-01-19T01:09:53.660051,82,ecg,processed
2021-01-19T01:09:53.660244,82,ecg,detected
2021-01-19T01:09:53.660464,82,ecg,persisted
2021-01-19T01:09:54.060209,82,thermometer,processed
2021-01-19T01:09:54.060373,82,thermometer,detected
2021-01-19T01:09:54.060601,82,thermometer,persisted
2021-01-19T01:09:54.460391,83,oximeter,processed
2021-01-19T01:09:54.460589,83,oximeter,detected
2021-01-19T01:09:54.460783,83,oximeter,persisted
2021-01-19T01:09:54.660441,83,ecg,processed
2021-01-19T01:09:54.660638,83,ecg,detected
2021-01-19T01:09:54.660847,83,ecg,persisted
2021-01-19T01:09:55.060629,83,thermometer,processed
2021-01-19T01:09:55.060802,83,thermometer,detected
2021-01-19T01:09:55.061004,83,thermometer,persisted
2021-01-19T01:09:55.460844,84,oximeter,processed
2021-01-19T01:09:55.461004,84,oximeter,detected
2021-01-19T01:09:55.461263,84,oximeter,persisted
2021-01-19T01:09:55.660868,84,ecg,processed
2021-01-19T01:09:55.661043,84,ecg,detected
2021-01-19T01:09:55.661240,84,ecg,persisted
2021-01-19T01:09:56.061063,84,thermometer,processed
2021-01-19T01:09:56.061252,84,thermometer,detected
2021-01-19T01:09:56.061646,84,thermometer,persisted
2021-01-19T01:09:56.461242,85,oximeter,processed
2021-01-19T01:09:56.461435,85,oximeter,detected
2021-01-19T01:09:56.461622,85,oximeter,persisted
2021-01-19T01:09:56.661319,85,ecg,processed
2021-01-19T01:09:56.661517,85,ecg,detected
2021-01-19T01:09:56.661735,85,ecg,persisted
2021-01-19T01:09:57.061500,85,thermometer,processed
2021-01-19T01:09:57.061660,85,thermometer,detected
2021-01-19T01:09:57.061875,85,thermometer,persisted
2021-01-19T01:09:57.461620,86,oximeter,processed
2021-01-19T01:09:57.461785,86,oximeter,detected
2021-01-19T01:09:57.462002,86,oximeter,persisted
2021-01-19T01:09:57.661713,86,ecg,processed
2021-01-19T01:09:57.661912,86,ecg,detected
2021-01-19T01:09:57.662115,86,ecg,persisted
2021-01-19T01:09:58.061889,86,thermometer,processed
2021-01-19T01:09:58.062087,86,thermometer,detected
2021-01-19T01:09:58.062523,86,thermometer,persisted
2021-01-19T01:09:58.462069,87,oximeter,processed
2021-01-19T01:09:58.462237,87,oximeter,detected
2021-01-19T01:09:58.462470,87,oximeter,persisted
2021-01-19T01:09:58.662161,87,ecg,processed
2021-01-19T01:09:58.662326,87,ecg,detected
2021-01-19T01:09:58.662539,87,ecg,persisted
2021-01-19T01:09:59.062368,87,thermometer,processed
2021-01-19T01:09:59.062534,87,thermometer,detected
2021-01-19T01:09:59.062754,87,thermometer,persisted
2021-01-19T01:09:59.462516,88,oximeter,processed
2021-01-19T01:09:59.462705,88,oximeter,detected
2021-01-19T01:09:59.462906,88,oximeter,persisted
2021-01-19T01:09:59.662574,88,ecg,processed
2021-01-19T01:09:59.662764,88,ecg,detected
2021-01-19T01:09:59.662992,88,ecg,persisted
2021-01-19T01:10:00.062778,88,thermometer,processed
2021-01-19T01:10:00.062947,88,thermometer,detected
2021-01-19T01:10:00.063407,88,thermometer,persisted
2021-01-19T01:10:00.462921,89,oximeter,processed
2021-01-19T01:10:00.463086,89,oximeter,detected
2021-01-19T01:10:00.463279,89,oximeter,persisted
2021-01-19T01:10:00.662980,89,ecg,processed
2021-01-19T01:10:00.663140,89,ecg,detected
2021-01-19T01:10:00.663366,89,ecg,persisted
2021-01-19T01:10:01.063236,89,thermometer,processed
2021-01-19T01:10:01.063413,89,thermometer,detected
2021-01-19T01:10:01.063689,89,thermometer,persisted
2021-01-19T01:10:01.463374,90,oximeter,processed
2021-01-19T01:10:01.463554,90,oximeter,detected
2021-01-19T01:10:01.463800,90,oximeter,persisted
2021-01-19T01:10:01.663447,90,ecg,processed
2021-01-19T01:10:01.663631,90,ecg,detected
2021-01-19T01:10:01.663925,90,ecg,persisted
2021-01-19T01:10:02.063622,90,thermometer,processed
2021-01-19T01:10:02.063807,90,thermometer,detected
2021-01-19T01:10:02.064151,90,thermometer,persisted
2021-01-19T01:10:02.463837,91,oximeter,processed
2021-01-19T01:10:02.464017,91,oximeter,detected
2021-01-19T01:10:02.464231,91,oximeter,persisted
2021-01-19T01:10:02.664006,91,ecg,processed
2021-01-19T01:10:02.664209,91,ecg,detected
2021-01-19T01:10:02.664688,91,ecg,persisted
2021-01-19T01:10:03.064047,91,thermometer,processed
2021-01-19T01:10:03.064236,91,thermometer,detected
2021-01-19T01:10:03.064440,91,thermometer,persisted
2021-01-19T01:10:03.464216,92,oximeter,processed
2021-01-19T01:10:03.464379,92,oximeter,detected
2021-01-19T01:10:03.464578,92,oximeter,persisted
2021-01-19T01:10:03.664308,92,ecg,processed
2021-01-19T01:10:03.664508,92,ecg,detected
2021-01-19T01:10:03.664736,92,ecg,persisted
2021-01-19T01:10:04.064480,92,thermometer,processed
2021-01-19T01:10:04.064663,92,thermometer,detected
2021-01-19T01:10:04.065062,92,thermometer,persisted
2021-01-19T01:10:04.464664,93,oximeter,processed
2021-01-19T01:10:04.464820,93,oximeter,detected
2021-01-19T01:10:04.465056,93,oximeter,persisted
2021-01-19T01:10:04.664732,93,ecg,processed
2021-01-19T01:10:04.664901,93,ecg,detected
2021-01-19T01:10:04.665150,93,ecg,persisted
2021-01-19T01:10:05.064931,93,thermometer,processed
2021-01-19T01:10:05.065045,93,thermometer,detected
2021-01-19T01:10:05.065264,93,thermometer,persisted
2021-01-19T01:10:05.465059,94,oximeter,processed
2021-01-19T01:10:05.465231,94,oximeter,detected
2021-01-19T01:10:05.465420,94,oximeter,persisted
2021-01-19T01:10:05.665160,94,ecg,processed
2021-01-19T01:10:05.665310,94,ecg,detected
2021-01-19T01:10:05.665566,94,ecg,persisted
2021-01-19T01:10:06.065317,94,thermometer,processed
2021-01-19T01:10:06.065524,94,thermometer,detected
2021-01-19T01:10:06.065772,94,thermometer,persisted
2021-01-19T01:10:06.465502,95,oximeter,processed
2021-01-19T01:10:06.465713,95,oximeter,detected
2021-01-19T01:10:06.466084,95,oximeter,persisted
2021-01-19T01:10:06.665555,95,ecg,processed
2021-01-19T01:10:06.665755,95,ecg,detected
2021-01-19T01:10:06.665948,95,ecg,persisted
2021-01-19T01:10:07.065727,95,thermometer,processed
2021-01-19T01:10:07.065924,95,thermometer,detected
2021-01-19T01:10:07.066145,95,thermometer,persisted
2021-01-19T01:10:07.465990,96,oximeter,processed
2021-01-19T01:10:07.466185,96,oximeter,detected
2021-01-19T01:10:07.466539,96,oximeter,persisted
2021-01-19T01:10:07.666014,96,ecg,processed
2021-01-19T01:10:07.666205,96,ecg,detected
2021-01-19T01:10:07.666434,96,ecg,persisted
2021-01-19T01:10:08.066193,96,thermometer,processed
2021-01-19T01:10:08.066381,96,thermometer,detected
2021-01-19T01:10:08.066583,96,thermometer,persisted
2021-01-19T01:10:08.466391,97,oximeter,processed
2021-01-19T01:10:08.466580,97,oximeter,detected
2021-01-19T01:10:08.466979,97,oximeter,persisted
2021-01-19T01:10:08.666446,97,ecg,processed
2021-01-19T01:10:08.666597,97,ecg,detected
2021-01-19T01:10:08.666803,97,ecg,persisted
2021-01-19T01:10:09.066630,97,thermometer,processed
2021-01-19T01:10:09.066824,97,thermometer,detected
2021-01-19T01:10:09.067100,97,thermometer,persisted
2021-01-19T01:10:09.466831,98,oximeter,processed
2021-01-19T01:10:09.467026,98,oximeter,detected
2021-01-19T01:10:09.467395,98,oximeter,persisted
2021-01-19T01:10:09.666876,98,ecg,processed
2021-01-19T01:10:09.667033,98,ecg,detected
2021-01-19T01:10:09.667265,98,ecg,persisted
2021-01-19T01:10:10.067043,98,thermometer,processed
2021-01-19T01:10:10.067204,98,thermometer,detected
2021-01-19T01:10:10.067387,98,thermometer,persisted
2021-01-19T01:10:10.467240,99,oximeter,processed
2021-01-19T01:10:10.467407,99,oximeter,detected
2021-01-19T01:10:10.467825,99,oximeter,persisted
2021-01-19T01:10:10.667301,99,ecg,processed
2021-01-19T01:10:10.667502,99,ecg,detected
2021-01-19T01:10:10.667839,99,ecg,persisted
2021-01-19T01:10:11.067513,99,thermometer,processed
2021-01-19T01:10:11.067736,99,thermometer,detected
2021-01-19T01:10:11.067954,99,thermometer,persisted
2021-01-19T01:10:11.467654,100,oximeter,processed
2021-01-19T01:10:11.467824,100,oximeter,detected
2021-01-19T01:10:11.468036,100,oximeter,persisted
2021-01-19T01:10:11.667738,100,ecg,processed
2021-01-19T01:10:11.667886,100,ecg,detected
2021-01-19T01:10:11.668118,100,ecg,persisted
2021-01-19T01:10:12.067882,100,thermometer,processed
2021-01-19T01:10:12.068082,100,thermometer,detected
2021-01-19T01:10:12.068468,100,thermometer,persisted
2021-01-19T01:10:12.468023,101,oximeter,processed
2021-01-19T01:10:12.468221,101,oximeter,detected
2021-01-19T01:10:12.468417,101,oximeter,persisted
2021-01-19T01:10:12.668091,101,ecg,processed
2021-01-19T01:10:12.668287,101,ecg,detected
2021-01-19T01:10:12.668513,101,ecg,persisted
2021-01-19T01:10:13.068273,101,thermometer,processed
2021-01-19T01:10:13.068465,101,thermometer,detected
2021-01-19T01:10:13.068717,101,thermometer,persisted
2021-01-19T01:10:13.468452,102,oximeter,processed
2021-01-19T01:10:13.468653,102,oximeter,detected
2021-01-19T01:10:13.468931,102,oximeter,persisted
2021-01-19T01:10:13.668523,102,ecg,processed
2021-01-19T01:10:13.668669,102,ecg,detected
2021-01-19T01:10:13.668861,102,ecg,persisted
2021-01-19T01:10:14.068687,102,thermometer,processed
2021-01-19T01:10:14.068852,102,thermometer,detected
2021-01-19T01:10:14.069067,102,thermometer,persisted
2021-01-19T01:10:14.468860,103,oximeter,processed
2021-01-19T01:10:14.469026,103,oximeter,detected
2021-01-19T01:10:14.469236,103,oximeter,persisted
2021-01-19T01:10:14.668950,103,ecg,processed
2021-01-19T01:10:14.669144,103,ecg,detected
2021-01-19T01:10:14.669379,103,ecg,persisted
2021-01-19T01:10:15.069123,103,thermometer,processed
2021-01-19T01:10:15.069290,103,thermometer,detected
2021-01-19T01:10:15.069507,103,thermometer,persisted
2021-01-19T01:10:15.469306,104,oximeter,processed
2021-01-19T01:10:15.469514,104,oximeter,detected
2021-01-19T01:10:15.469751,104,oximeter,persisted
2021-01-19T01:10:15.669364,104,ecg,processed
2021-01-19T01:10:15.669554,104,ecg,detected
2021-01-19T01:10:15.669743,104,ecg,persisted
2021-01-19T01:10:16.069574,104,thermometer,processed
2021-01-19T01:10:16.069739,104,thermometer,detected
2021-01-19T01:10:16.069941,104,thermometer,persisted
2021-01-19T01:10:16.469764,105,oximeter,processed
2021-01-19T01:10:16.469987,105,oximeter,detected
2021-01-19T01:10:16.470224,105,oximeter,persisted
2021-01-19T01:10:16.669772,105,ecg,processed
2021-01-19T01:10:16.669931,105,ecg,detected
2021-01-19T01:10:16.670305,105,ecg,persisted
2021-01-19T01:10:17.069951,105,thermometer,processed
2021-01-19T01:10:17.070095,105,thermometer,detected
2021-01-19T01:10:17.070324,105,thermometer,persisted
2021-01-19T01:10:17.470127,106,oximeter,processed
2021-01-19T01:10:17.470295,106,oximeter,detected
2021-01-19T01:10:17.470509,106,oximeter,persisted
2021-01-19T01:10:17.670224,106,ecg,processed
2021-01-19T01:10:17.670408,106,ecg,detected
2021-01-19T01:10:17.670815,106,ecg,persisted
2021-01-19T01:10:18.070369,106,thermometer,processed
2021-01-19T01:10:18.070513,106,thermometer,detected
2021-01-19T01:10:18.070708,106,thermometer,persisted
2021-01-19T01:10:18.470541,107,oximeter,processed
2021-01-19T01:10:18.470698,107,oximeter,detected
2021-01-19T01:10:18.471037,107,oximeter,persisted
2021-01-19T01:10:18.670622,107,ecg,processed
2021-01-19T01:10:18.670782,107,ecg,detected
2021-01-19T01:10:18.671029,107,ecg,persisted
2021-01-19T01:10:19.070793,107,thermometer,processed
2021-01-19T01:10:19.070952,107,thermometer,detected
2021-01-19T01:10:19.071147,107,thermometer,persisted
2021-01-19T01:10:19.470963,108,oximeter,processed
2021-01-19T01:10:19.471129,108,oximeter,detected
2021-01-19T01:10:19.471354,108,oximeter,persisted
2021-01-19T01:10:19.671092,108,ecg,processed
2021-01-19T01:10:19.671282,108,ecg,detected
2021-01-19T01:10:19.671485,108,ecg,persisted
2021-01-19T01:10:20.071219,108,thermometer,processed
2021-01-19T01:10:20.071429,108,thermometer,detected
2021-01-19T01:10:20.071674,108,thermometer,persisted
2021-01-19T01:10:20.471390,109,oximeter,processed
2021-01-19T01:10:20.471588,109,oximeter,detected
2021-01-19T01:10:20.471930,109,oximeter,persisted
2021-01-19T01:10:20.671451,109,ecg,processed
2021-01-19T01:10:20.671639,109,ecg,detected
2021-01-19T01:10:20.671914,109,ecg,persisted
2021-01-19T01:10:21.071706,109,thermometer,processed
2021-01-19T01:10:21.071903,109,thermometer,detected
2021-01-19T01:10:21.072116,109,thermometer,persisted
2021-01-19T01:10:21.471781,110,oximeter,processed
2021-01-19T01:10:21.471945,110,oximeter,detected
2021-01-19T01:10:21.472191,110,oximeter,persisted
2021-01-19T01:10:22.072024,110,thermometer,processed
2021-01-19T01:10:22.072217,110,thermometer,detected
2021-01-19T01:10:22.072422,110,thermometer,persisted
2021-01-19T01:10:22.472208,111,oximeter,processed
2021-01-19T01:10:22.472374,111,oximeter,detected
2021-01-19T01:10:22.472572,111,oximeter,persisted
2021-01-19T01:10:23.072443,111,thermometer,processed
2021-01-19T01:10:23.072639,111,thermometer,detected
2021-01-19T01:10:23.072838,111,thermometer,persisted
2021-01-19T01:10:23.472647,112,oximeter,processed
2021-01-19T01:10:23.472809,112,oximeter,detected
2021-01-19T01:10:23.473032,112,oximeter,persisted
2021-01-19T01:10:24.072857,112,thermometer,processed
2021-01-19T01:10:24.073052,112,thermometer,detected
2021-01-19T01:10:24.073264,112,thermometer,persisted
2021-01-19T01:10:24.473038,113,oximeter,processed
2021-01-19T01:10:24.473231,113,oximeter,detected
2021-01-19T01:10:24.473441,113,oximeter,persisted
2021-01-19T01:10:25.073277,113,thermometer,processed
2021-01-19T01:10:25.073438,113,thermometer,detected
2021-01-19T01:10:25.073669,113,thermometer,persisted
2021-01-19T01:10:25.473508,114,oximeter,processed
2021-01-19T01:10:25.473706,114,oximeter,detected
2021-01-19T01:10:25.473972,114,oximeter,persisted
2021-01-19T01:10:26.073702,114,thermometer,processed
2021-01-19T01:10:26.073904,114,thermometer,detected
2021-01-19T01:10:26.074126,114,thermometer,persisted
2021-01-19T01:10:26.473879,115,oximeter,processed
2021-01-19T01:10:26.474076,115,oximeter,detected
2021-01-19T01:10:26.474361,115,oximeter,persisted
2021-01-19T01:10:27.074119,115,thermometer,processed
2021-01-19T01:10:27.074288,115,thermometer,detected
2021-01-19T01:10:27.074568,115,thermometer,persisted
2021-01-19T01:10:27.474283,116,oximeter,processed
2021-01-19T01:10:27.474438,116,oximeter,detected
2021-01-19T01:10:27.474628,116,oximeter,persisted
2021-01-19T01:10:28.074564,116,thermometer,processed
2021-01-19T01:10:28.074724,116,thermometer,detected
2021-01-19T01:10:28.074931,116,thermometer,persisted
2021-01-19T01:10:28.474735,117,oximeter,processed
2021-01-19T01:10:28.474893,117,oximeter,detected
2021-01-19T01:10:28.475127,117,oximeter,persisted
2021-01-19T01:10:29.074975,117,thermometer,processed
2021-01-19T01:10:29.075173,117,thermometer,detected
2021-01-19T01:10:29.075395,117,thermometer,persisted
2021-01-19T01:10:29.475153,118,oximeter,processed
2021-01-19T01:10:29.475335,118,oximeter,detected
2021-01-19T01:10:29.475534,118,oximeter,persisted
2021-01-19T01:10:30.075400,118,thermometer,processed
2021-01-19T01:10:30.075615,118,thermometer,detected
2021-01-19T01:10:30.075855,118,thermometer,persisted
2021-01-19T01:10:30.475592,119,oximeter,processed
2021-01-19T01:10:30.475820,119,oximeter,detected
2021-01-19T01:10:30.476056,119,oximeter,persisted
2021-01-19T01:10:31.075700,119,thermometer,processed
2021-01-19T01:10:31.075771,119,thermometer,detected
2021-01-19T01:10:31.075909,119,thermometer,persisted
