
2021-01-22T04:56:49.164527,2,thermometer,ready
2021-01-22T04:56:49.171129,2,thermometer,collected
2021-01-22T04:56:49.171964,2,thermometer,sent
ERROR: 2021-01-22T04:56:49.171964
2021-01-22T04:56:50.164520,3,thermometer,ready
2021-01-22T04:56:50.168312,3,thermometer,collected
2021-01-22T04:56:50.169678,3,thermometer,sent
ERROR: 2021-01-22T04:56:50.169678
2021-01-22T04:56:51.164415,4,thermometer,ready
2021-01-22T04:56:51.165963,4,thermometer,collected
2021-01-22T04:56:51.166094,4,thermometer,data in range
2021-01-22T04:56:51.166130,4,thermometer,sent
2021-01-22T04:56:52.164553,5,thermometer,ready
2021-01-22T04:56:52.167780,5,thermometer,collected
2021-01-22T04:56:52.168183,5,thermometer,sent
ERROR: 2021-01-22T04:56:52.168183
2021-01-22T04:57:03.164727,6,thermometer,ready
2021-01-22T04:57:03.168241,6,thermometer,collected
2021-01-22T04:57:03.168869,6,thermometer,sent
ERROR: 2021-01-22T04:57:03.168869
2021-01-22T04:57:04.164534,7,thermometer,ready
2021-01-22T04:57:04.168691,7,thermometer,collected
2021-01-22T04:57:04.169281,7,thermometer,sent
ERROR: 2021-01-22T04:57:04.169281
2021-01-22T04:57:05.164550,8,thermometer,ready
2021-01-22T04:57:05.168015,8,thermometer,collected
2021-01-22T04:57:05.168374,8,thermometer,data in range
2021-01-22T04:57:05.168464,8,thermometer,sent
2021-01-22T04:57:06.164529,9,thermometer,ready
2021-01-22T04:57:06.168777,9,thermometer,collected
2021-01-22T04:57:06.169104,9,thermometer,data in range
2021-01-22T04:57:06.169211,9,thermometer,sent
2021-01-22T04:57:07.164540,10,thermometer,ready
2021-01-22T04:57:07.168937,10,thermometer,collected
2021-01-22T04:57:07.169255,10,thermometer,data in range
2021-01-22T04:57:07.169351,10,thermometer,sent
2021-01-22T04:57:18.164552,11,thermometer,ready
2021-01-22T04:57:18.167004,11,thermometer,collected
2021-01-22T04:57:18.167195,11,thermometer,data in range
2021-01-22T04:57:18.167257,11,thermometer,sent
2021-01-22T04:57:19.164566,12,thermometer,ready
2021-01-22T04:57:19.168192,12,thermometer,collected
2021-01-22T04:57:19.168588,12,thermometer,sent
ERROR: 2021-01-22T04:57:19.168588
2021-01-22T04:57:20.164540,13,thermometer,ready
2021-01-22T04:57:20.169090,13,thermometer,collected
2021-01-22T04:57:20.169451,13,thermometer,data in range
2021-01-22T04:57:20.169534,13,thermometer,sent
2021-01-22T04:57:21.164498,14,thermometer,ready
2021-01-22T04:57:21.167155,14,thermometer,collected
2021-01-22T04:57:21.167540,14,thermometer,sent
ERROR: 2021-01-22T04:57:21.167540
2021-01-22T04:57:22.164501,15,thermometer,ready
2021-01-22T04:57:22.167651,15,thermometer,collected
2021-01-22T04:57:22.168003,15,thermometer,sent
ERROR: 2021-01-22T04:57:22.168003
2021-01-22T04:57:33.164654,16,thermometer,ready
2021-01-22T04:57:33.168387,16,thermometer,collected
2021-01-22T04:57:33.168614,16,thermometer,data in range
2021-01-22T04:57:33.168674,16,thermometer,sent
2021-01-22T04:57:34.164490,17,thermometer,ready
2021-01-22T04:57:34.168417,17,thermometer,collected
2021-01-22T04:57:34.168786,17,thermometer,data in range
2021-01-22T04:57:34.168893,17,thermometer,sent
2021-01-22T04:57:35.164497,18,thermometer,ready
2021-01-22T04:57:35.168544,18,thermometer,collected
2021-01-22T04:57:35.168925,18,thermometer,sent
ERROR: 2021-01-22T04:57:35.168925
2021-01-22T04:57:36.164587,19,thermometer,ready
2021-01-22T04:57:36.168553,19,thermometer,collected
2021-01-22T04:57:36.168915,19,thermometer,data in range
2021-01-22T04:57:36.169036,19,thermometer,sent
2021-01-22T04:57:37.164588,20,thermometer,ready
2021-01-22T04:57:37.168212,20,thermometer,collected
2021-01-22T04:57:37.168449,20,thermometer,data in range
2021-01-22T04:57:37.168534,20,thermometer,sent
