
2021-01-22T19:50:48.386856,2,oximeter,ready
2021-01-22T19:50:48.390885,2,oximeter,collected
2021-01-22T19:50:48.391474,2,oximeter,sent
ERROR: 2021-01-22T19:50:48.391474
2021-01-22T19:50:49.386871,3,oximeter,ready
2021-01-22T19:50:49.390192,3,oximeter,collected
2021-01-22T19:50:49.391037,3,oximeter,sent
ERROR: 2021-01-22T19:50:49.391037
2021-01-22T19:50:50.386847,4,oximeter,ready
2021-01-22T19:50:50.390471,4,oximeter,collected
2021-01-22T19:50:50.390964,4,oximeter,sent
ERROR: 2021-01-22T19:50:50.390964
2021-01-22T19:50:51.386837,5,oximeter,ready
2021-01-22T19:50:51.390766,5,oximeter,collected
2021-01-22T19:50:51.392157,5,oximeter,data in range
2021-01-22T19:50:51.392263,5,oximeter,sent
2021-01-22T19:50:52.386849,6,oximeter,ready
2021-01-22T19:50:52.390267,6,oximeter,collected
2021-01-22T19:50:52.390995,6,oximeter,sent
ERROR: 2021-01-22T19:50:52.390995
2021-01-22T19:51:03.386889,7,oximeter,ready
2021-01-22T19:51:03.389397,7,oximeter,collected
2021-01-22T19:51:03.389766,7,oximeter,data in range
2021-01-22T19:51:03.389812,7,oximeter,sent
2021-01-22T19:51:04.386828,8,oximeter,ready
2021-01-22T19:51:04.390636,8,oximeter,collected
2021-01-22T19:51:04.390924,8,oximeter,data in range
2021-01-22T19:51:04.391008,8,oximeter,sent
2021-01-22T19:51:05.386758,9,oximeter,ready
2021-01-22T19:51:05.388883,9,oximeter,collected
2021-01-22T19:51:05.389146,9,oximeter,sent
ERROR: 2021-01-22T19:51:05.389146
2021-01-22T19:51:06.386861,10,oximeter,ready
2021-01-22T19:51:06.391437,10,oximeter,collected
2021-01-22T19:51:06.392091,10,oximeter,data in range
2021-01-22T19:51:06.392152,10,oximeter,sent
2021-01-22T19:51:07.386833,11,oximeter,ready
2021-01-22T19:51:07.390147,11,oximeter,collected
2021-01-22T19:51:07.390491,11,oximeter,data in range
2021-01-22T19:51:07.390592,11,oximeter,sent
2021-01-22T19:51:08.386870,12,oximeter,ready
2021-01-22T19:51:08.390344,12,oximeter,collected
2021-01-22T19:51:08.390734,12,oximeter,data in range
2021-01-22T19:51:08.390856,12,oximeter,sent
2021-01-22T19:51:19.386929,13,oximeter,ready
2021-01-22T19:51:19.399029,13,oximeter,collected
2021-01-22T19:51:19.399314,13,oximeter,data in range
2021-01-22T19:51:19.399434,13,oximeter,sent
2021-01-22T19:51:20.386870,14,oximeter,ready
2021-01-22T19:51:20.390321,14,oximeter,collected
2021-01-22T19:51:20.390992,14,oximeter,sent
ERROR: 2021-01-22T19:51:20.390992
2021-01-22T19:51:21.386889,15,oximeter,ready
2021-01-22T19:51:21.390414,15,oximeter,collected
2021-01-22T19:51:21.391163,15,oximeter,sent
ERROR: 2021-01-22T19:51:21.391163
2021-01-22T19:51:22.386898,16,oximeter,ready
2021-01-22T19:51:22.390064,16,oximeter,collected
2021-01-22T19:51:22.390561,16,oximeter,data in range
2021-01-22T19:51:22.390633,16,oximeter,sent
2021-01-22T19:51:23.386842,17,oximeter,ready
2021-01-22T19:51:23.390334,17,oximeter,collected
2021-01-22T19:51:23.390679,17,oximeter,data in range
2021-01-22T19:51:23.390782,17,oximeter,sent
2021-01-22T19:51:24.386876,18,oximeter,ready
2021-01-22T19:51:24.390360,18,oximeter,collected
2021-01-22T19:51:24.390932,18,oximeter,sent
ERROR: 2021-01-22T19:51:24.390932
2021-01-22T19:51:35.387014,19,oximeter,ready
2021-01-22T19:51:35.392811,19,oximeter,collected
2021-01-22T19:51:35.393163,19,oximeter,data in range
2021-01-22T19:51:35.393265,19,oximeter,sent
2021-01-22T19:51:36.386847,20,oximeter,ready
2021-01-22T19:51:36.390125,20,oximeter,collected
2021-01-22T19:51:36.390483,20,oximeter,data in range
2021-01-22T19:51:36.390576,20,oximeter,sent
2021-01-22T19:51:37.386895,21,oximeter,ready
2021-01-22T19:51:37.390390,21,oximeter,collected
2021-01-22T19:51:37.390970,21,oximeter,sent
ERROR: 2021-01-22T19:51:37.390970
2021-01-22T19:51:38.386886,22,oximeter,ready
2021-01-22T19:51:38.390701,22,oximeter,collected
2021-01-22T19:51:38.391212,22,oximeter,sent
ERROR: 2021-01-22T19:51:38.391212
2021-01-22T19:51:39.386845,23,oximeter,ready
2021-01-22T19:51:39.390930,23,oximeter,collected
2021-01-22T19:51:39.391314,23,oximeter,data in range
2021-01-22T19:51:39.391453,23,oximeter,sent
2021-01-22T19:51:40.386867,24,oximeter,ready
2021-01-22T19:51:40.390776,24,oximeter,collected
2021-01-22T19:51:40.391516,24,oximeter,sent
ERROR: 2021-01-22T19:51:40.391516
